<?xml version="1.0" encoding="UTF-8"?>
<testsuite name="demo.base.BaseDemoTest" tests="3" skipped="0" failures="0" errors="0" timestamp="2022-08-24T03:54:11" hostname="MNLITA23-W10" time="0.013">
  <properties/>
  <testcase name="whenSumFirstNumberIs5SecondNumberIs10ThenReturn15()" classname="demo.base.BaseDemoTest" time="0.01"/>
  <testcase name="should_return_hello_world()" classname="demo.base.BaseDemoTest" time="0.002"/>
  <testcase name="whenSumFirstNumberIs60AndSecondNumberIs9ThenReturn69()" classname="demo.base.BaseDemoTest" time="0.001"/>
  <system-out><![CDATA[]]></system-out>
  <system-err><![CDATA[]]></system-err>
</testsuite>
